{"name": "Verify Orders dropped into CSP", "status": "broken", "statusDetails": {"message": "selenium.common.exceptions.TimeoutException: Message: \n\n", "trace": "  File \"/Users/rshche/PycharmProjects/pythonProject/venv/lib/python3.9/site-packages/behave/model.py\", line 1329, in run\n    match.run(runner.context)\n  File \"/Users/rshche/PycharmProjects/pythonProject/venv/lib/python3.9/site-packages/behave/matchers.py\", line 98, in run\n    self.func(context, *args, **kwargs)\n  File \"features/steps/esw_checkout.py\", line 190, in search_order\n    context.app.esw_csp_sit76.order_search_and_confirm()\n  File \"/Users/rshche/Automation/pages/esw_csp_sit76.py\", line 33, in order_search_and_confirm\n    self.wait_for_element_appear(*self.ORDER_NUMBER_DISPLAY)\n  File \"/Users/rshche/Automation/pages/base_page.py\", line 43, in wait_for_element_appear\n    self.driver.wait.until(EC.visibility_of_element_located(locator))\n  File \"/Users/rshche/PycharmProjects/pythonProject/venv/lib/python3.9/site-packages/selenium/webdriver/support/wait.py\", line 80, in until\n    raise TimeoutException(message, screen, stacktrace)\n"}, "steps": [{"name": "Given Enter eSW CSP tool on sit76", "status": "passed", "start": 1622838960236, "stop": 1622838966815}, {"name": "When Open Customer Service page", "status": "passed", "start": 1622838966816, "stop": 1622838968832}, {"name": "Then Search for order and verify it is in CSP", "status": "broken", "statusDetails": {"message": "selenium.common.exceptions.TimeoutException: Message: \n\n", "trace": "  File \"/Users/rshche/PycharmProjects/pythonProject/venv/lib/python3.9/site-packages/behave/model.py\", line 1329, in run\n    match.run(runner.context)\n  File \"/Users/rshche/PycharmProjects/pythonProject/venv/lib/python3.9/site-packages/behave/matchers.py\", line 98, in run\n    self.func(context, *args, **kwargs)\n  File \"features/steps/esw_checkout.py\", line 190, in search_order\n    context.app.esw_csp_sit76.order_search_and_confirm()\n  File \"/Users/rshche/Automation/pages/esw_csp_sit76.py\", line 33, in order_search_and_confirm\n    self.wait_for_element_appear(*self.ORDER_NUMBER_DISPLAY)\n  File \"/Users/rshche/Automation/pages/base_page.py\", line 43, in wait_for_element_appear\n    self.driver.wait.until(EC.visibility_of_element_located(locator))\n  File \"/Users/rshche/PycharmProjects/pythonProject/venv/lib/python3.9/site-packages/selenium/webdriver/support/wait.py\", line 80, in until\n    raise TimeoutException(message, screen, stacktrace)\n"}, "start": 1622838968832, "stop": 1622838984651}], "start": 1622838957510, "stop": 1622838984814, "uuid": "75d3c74f-712c-461d-bd1c-d0b57a275edd", "historyId": "03137600d80fb5cf78aeea286ae856c7", "fullName": "Test eSW Checkout UX for Canada Countries in Test Environment: Verify Orders dropped into CSP", "labels": [{"name": "severity", "value": "normal"}, {"name": "feature", "value": "Test eSW Checkout UX for Canada Countries in Test Environment"}, {"name": "framework", "value": "behave"}, {"name": "language", "value": "cpython3"}]}